<?xml version="1.0" encoding="UTF-8"?>
<!-- Generated by org.testng.reporters.JUnitXMLReporter -->
<testsuite ignored="4" hostname="Appu-PC" failures="0" tests="3" name="Test" time="0.369" errors="0" timestamp="2021-08-12T12:36:38 IST">
  <testcase classname="test.group1" name="m2" time="0.043"/>
  <testcase classname="test.group2" name="m6" time="0.031"/>
  <testcase classname="test.group2" name="m7" time="0.004"/>
  <testcase classname="test.group1" name="m1" time="0.0">
    <ignored/>
  </testcase> <!-- m1 -->
  <testcase classname="test.group1" name="m4" time="0.0">
    <ignored/>
  </testcase> <!-- m4 -->
  <testcase classname="test.group1" name="m3" time="0.0">
    <ignored/>
  </testcase> <!-- m3 -->
  <testcase classname="test.group2" name="m5" time="0.0">
    <ignored/>
  </testcase> <!-- m5 -->
</testsuite> <!-- Test -->
