<?xml version="1.0" encoding="UTF-8"?>
<!-- Generated by org.testng.reporters.JUnitXMLReporter -->
<testsuite ignored="1" hostname="Appu-PC" failures="0" tests="2" name="Default test" time="0.238" errors="0" timestamp="2021-08-12T12:57:56 IST">
  <testcase classname="test.group2" name="m6" time="0.04"/>
  <testcase classname="test.group2" name="m7" time="0.007"/>
  <testcase classname="test.group2" name="m5" time="0.0">
    <ignored/>
  </testcase> <!-- m5 -->
</testsuite> <!-- Default test -->
